     0>E:\work\coding\wke\vs2010\vsprops\WebCoreGeneratedCairo.props(4,5): warning MSB4011: 无法再次导入“E:\work\coding\wke\vs2010\vsprops\common.props”。可能已在“E:\work\coding\wke\vs2010\vsprops\WebCoreGeneratedCommon.props (4,5)”处导入过它。这很可能是生成创作错误。将忽略此后续导入。[E:\work\coding\wke\vs2010\WebCoreGenerated.vcxproj]
生成启动时间为 2016/7/24 20:57:12。
     1>项目“E:\work\coding\wke\vs2010\WebCoreGenerated.vcxproj”在节点 2 上(build 个目标)。
     1>Build:
         set PATH=E:\work\coding\wke\vs2010\\..\cygwin\bin;C:\Windows\system32;C:\Windows;C:\Windows\System32\Wbem;C:\Windows\System32\WindowsPowerShell\v1.0\;C:\Program Files (x86)\Microsoft SQL Server\100\Tools\Binn\;C:\Program Files\Microsoft SQL Server\100\Tools\Binn\;C:\Program Files\Microsoft SQL Server\100\DTS\Binn\;C:\Program Files\TortoiseSVN\bin;C:\Program Files (x86)\CMake 2.8\bin;C:\Users\Administrator\AppData\Local\Programs\Python\Python35\Scripts\;C:\Users\Administrator\AppData\Local\Programs\Python\Python35\
         cmd /c
         if exist "E:\work\coding\wke\vs2010\..\build\vs2010\Debug_Cairo_CFLite\buildfailed" grep XXWebCoreGeneratedXX "E:\work\coding\wke\vs2010\..\build\vs2010\Debug_Cairo_CFLite\buildfailed"
         if errorlevel 1 exit 1
         echo XXWebCoreGeneratedXX > "E:\work\coding\wke\vs2010\..\build\vs2010\Debug_Cairo_CFLite\buildfailed"
         
         cd ..\Source\WebCore\WebCore.vcproj
         set CONFIGURATIONBUILDDIR=E:\work\coding\wke\vs2010\..\build\vs2010\Debug_Cairo_CFLite
         bash build-generated-files.sh "E:\work\coding\wke\vs2010\..\build\vs2010\Debug_Cairo_CFLite" "E:\work\coding\wke\vs2010\..\WebKitLibraries\win" "..\..\..\WebKitLibraries\win" cairo
         bash migrate-scripts.sh "E:\work\coding\wke\vs2010\..\build\vs2010\Debug_Cairo_CFLite/obj/WebCore/scripts"
         cmd /C copyForwardingHeaders.cmd cairo curl
         cmd /C copyWebCoreResourceFiles.cmd
         
         if exist "E:\work\coding\wke\vs2010\..\build\vs2010\Debug_Cairo_CFLite\buildfailed" del "E:\work\coding\wke\vs2010\..\build\vs2010\Debug_Cairo_CFLite\buildfailed"
         
     1>EXEC : cygwin warning : 
           MS-DOS style path detected: E:\work\coding\wke\vs2010\..\build\vs2010\Debug_Cairo_CFLite\buildfailed
           Preferred POSIX equivalent is: /cygdrive/e/work/coding/wke/build/vs2010/Debug_Cairo_CFLite/buildfailed
           CYGWIN environment variable option "nodosfilewarning" turns off this warning.
           Consult the user's guide for more details about POSIX paths:
             http://cygwin.com/cygwin-ug-net/using.html#using-pathnames
     1>C:\Program Files (x86)\MSBuild\Microsoft.Cpp\v4.0\Microsoft.MakeFile.Targets(38,5): error MSB3073: 命令“set PATH=E:\work\coding\wke\vs2010\\..\cygwin\bin;C:\Windows\system32;C:\Windows;C:\Windows\System32\Wbem;C:\Windows\System32\WindowsPowerShell\v1.0\;C:\Program Files (x86)\Microsoft SQL Server\100\Tools\Binn\;C:\Program Files\Microsoft SQL Server\100\Tools\Binn\;C:\Program Files\Microsoft SQL Server\100\DTS\Binn\;C:\Program Files\TortoiseSVN\bin;C:\Program Files (x86)\CMake 2.8\bin;C:\Users\Administrator\AppData\Local\Programs\Python\Python35\Scripts\;C:\Users\Administrator\AppData\Local\Programs\Python\Python35\
C:\Program Files (x86)\MSBuild\Microsoft.Cpp\v4.0\Microsoft.MakeFile.Targets(38,5): error MSB3073: cmd /c
C:\Program Files (x86)\MSBuild\Microsoft.Cpp\v4.0\Microsoft.MakeFile.Targets(38,5): error MSB3073: if exist "E:\work\coding\wke\vs2010\..\build\vs2010\Debug_Cairo_CFLite\buildfailed" grep XXWebCoreGeneratedXX "E:\work\coding\wke\vs2010\..\build\vs2010\Debug_Cairo_CFLite\buildfailed"
C:\Program Files (x86)\MSBuild\Microsoft.Cpp\v4.0\Microsoft.MakeFile.Targets(38,5): error MSB3073: if errorlevel 1 exit 1
C:\Program Files (x86)\MSBuild\Microsoft.Cpp\v4.0\Microsoft.MakeFile.Targets(38,5): error MSB3073: echo XXWebCoreGeneratedXX > "E:\work\coding\wke\vs2010\..\build\vs2010\Debug_Cairo_CFLite\buildfailed"
C:\Program Files (x86)\MSBuild\Microsoft.Cpp\v4.0\Microsoft.MakeFile.Targets(38,5): error MSB3073: 
C:\Program Files (x86)\MSBuild\Microsoft.Cpp\v4.0\Microsoft.MakeFile.Targets(38,5): error MSB3073: cd ..\Source\WebCore\WebCore.vcproj
C:\Program Files (x86)\MSBuild\Microsoft.Cpp\v4.0\Microsoft.MakeFile.Targets(38,5): error MSB3073: set CONFIGURATIONBUILDDIR=E:\work\coding\wke\vs2010\..\build\vs2010\Debug_Cairo_CFLite
C:\Program Files (x86)\MSBuild\Microsoft.Cpp\v4.0\Microsoft.MakeFile.Targets(38,5): error MSB3073: bash build-generated-files.sh "E:\work\coding\wke\vs2010\..\build\vs2010\Debug_Cairo_CFLite" "E:\work\coding\wke\vs2010\..\WebKitLibraries\win" "..\..\..\WebKitLibraries\win" cairo
C:\Program Files (x86)\MSBuild\Microsoft.Cpp\v4.0\Microsoft.MakeFile.Targets(38,5): error MSB3073: bash migrate-scripts.sh "E:\work\coding\wke\vs2010\..\build\vs2010\Debug_Cairo_CFLite/obj/WebCore/scripts"
C:\Program Files (x86)\MSBuild\Microsoft.Cpp\v4.0\Microsoft.MakeFile.Targets(38,5): error MSB3073: cmd /C copyForwardingHeaders.cmd cairo curl
C:\Program Files (x86)\MSBuild\Microsoft.Cpp\v4.0\Microsoft.MakeFile.Targets(38,5): error MSB3073: cmd /C copyWebCoreResourceFiles.cmd
C:\Program Files (x86)\MSBuild\Microsoft.Cpp\v4.0\Microsoft.MakeFile.Targets(38,5): error MSB3073: 
C:\Program Files (x86)\MSBuild\Microsoft.Cpp\v4.0\Microsoft.MakeFile.Targets(38,5): error MSB3073: if exist "E:\work\coding\wke\vs2010\..\build\vs2010\Debug_Cairo_CFLite\buildfailed" del "E:\work\coding\wke\vs2010\..\build\vs2010\Debug_Cairo_CFLite\buildfailed"
C:\Program Files (x86)\MSBuild\Microsoft.Cpp\v4.0\Microsoft.MakeFile.Targets(38,5): error MSB3073: ”已退出，代码为 1。
     1>已完成生成项目“E:\work\coding\wke\vs2010\WebCoreGenerated.vcxproj”(build 个目标)的操作 - 失败。

生成失败。

已用时间 00:00:01.83
